<?xml version="1.0" encoding="UTF-8"?>
<!-- Generated by org.testng.reporters.JUnitXMLReporter -->
<testsuite hostname="sagitec-0175" ignored="2" name="Swag Labs" tests="2" failures="0" timestamp="2020-02-08T20:12:53 PST" time="2.532" errors="0">
  <testcase name="loginTest" time="1.616" classname="com.swaglabs.testCases.TC_LogIn_001"/>
  <testcase name="AddItems" time="0.66" classname="com.swaglabs.testCases.TC_AddItemsToCart_002"/>
  <testcase name="@AfterSuite tearDown" time="0.0" classname="com.swaglabs.testCases.BaseClass">
    <ignored/>
  </testcase> <!-- @AfterSuite tearDown -->
  <testcase name="@BeforeSuite setup" time="0.0" classname="com.swaglabs.testCases.BaseClass">
    <ignored/>
  </testcase> <!-- @BeforeSuite setup -->
</testsuite> <!-- Swag Labs -->
